<?xml version="1.0" encoding="UTF-8"?><testrun name="AutherControllerTest" project="jpa-library-project" tests="2" started="2" failures="1" errors="0" ignored="0">
  <testsuite name="com.example.book.controller.AutherControllerTest" time="1.187" displayname="AutherControllerTest" uniqueid="[engine:junit-jupiter]/[class:com.example.book.controller.AutherControllerTest]">
    <testcase name="insertAutherTest" classname="com.example.book.controller.AutherControllerTest" time="1.001" displayname="insertAutherTest()" uniqueid="[engine:junit-jupiter]/[class:com.example.book.controller.AutherControllerTest]/[method:insertAutherTest()]">
      <failure>java.lang.AssertionError: Status expected:&lt;200&gt; but was:&lt;400&gt;&#13;
	at org.springframework.test.util.AssertionErrors.fail(AssertionErrors.java:61)&#13;
	at org.springframework.test.util.AssertionErrors.assertEquals(AssertionErrors.java:128)&#13;
	at org.springframework.test.web.servlet.result.StatusResultMatchers.lambda$matcher$9(StatusResultMatchers.java:640)&#13;
	at org.springframework.test.web.servlet.MockMvc$1.andExpect(MockMvc.java:214)&#13;
	at com.example.book.controller.AutherControllerTest.insertAutherTest(AutherControllerTest.java:70)&#13;
	at java.base/java.lang.reflect.Method.invoke(Method.java:580)&#13;
	at java.base/java.util.ArrayList.forEach(ArrayList.java:1596)&#13;
	at java.base/java.util.ArrayList.forEach(ArrayList.java:1596)&#13;
&#13;
</failure>
    </testcase>
    <testcase name="findByEmailFoundTest" classname="com.example.book.controller.AutherControllerTest" time="0.182" displayname="findByEmailFoundTest()" uniqueid="[engine:junit-jupiter]/[class:com.example.book.controller.AutherControllerTest]/[method:findByEmailFoundTest()]"/>
  </testsuite>
</testrun>
